<?xml version="1.0" encoding="UTF-8"?>
<!-- Generated by org.testng.reporters.JUnitXMLReporter -->
<testsuite ignored="0" hostname="DESKTOP-6KVG70D" failures="1" tests="1" name="Surefire test" time="0.033" errors="0" timestamp="2025-07-15T10:24:15 IST">
  <testcase classname="mca.PalindromeTest" name="testApp" time="0.008">
    <failure type="java.lang.AssertionError" message="expected [sba] but found [abs]">
      <![CDATA[java.lang.AssertionError: expected [sba] but found [abs]
at mca.PalindromeTest.testApp(PalindromeTest.java:16)
at java.base/java.util.ArrayList.forEach(ArrayList.java:1597)
... Removed 36 stack frames]]>
    </failure>
  </testcase> <!-- testApp -->
</testsuite> <!-- Surefire test -->
